# JRE version: Java(TM) SE Runtime Environment (7.0_80-b15) (build 1.7.0_80-b15)
# Java VM: Java HotSpot(TM) 64-Bit Server VM (24.80-b11 mixed mode linux-amd64 compressed oops)
Heap
 PSYoungGen      total 655360K, used 595045K [0x00000007d6b00000, 0x00000007ffd00000, 0x0000000800000000)
  eden space 637952K, 92% used [0x00000007d6b00000,0x00000007fab35e30,0x00000007fda00000)
  from space 17408K, 28% used [0x00000007fda00000,0x00000007fdee3830,0x00000007feb00000)
  to   space 16384K, 0% used [0x00000007fed00000,0x00000007fed00000,0x00000007ffd00000)
 ParOldGen       total 132608K, used 86484K [0x0000000784200000, 0x000000078c380000, 0x00000007d6b00000)
  object space 132608K, 65% used [0x0000000784200000,0x0000000789675180,0x000000078c380000)
 PSPermGen       total 63488K, used 63344K [0x000000077f000000, 0x0000000782e00000, 0x0000000784200000)
  object space 63488K, 99% used [0x000000077f000000,0x0000000782ddc008,0x0000000782e00000)
GC Heap History (10 events):
Event: 905.593 GC heap before
{Heap before GC invocations=28 (full 1):
 PSYoungGen      total 578048K, used 559466K [0x00000007d6b00000, 0x00000007fb500000, 0x0000000800000000)
  eden space 555520K, 100% used [0x00000007d6b00000,0x00000007f8980000,0x00000007f8980000)
  from space 22528K, 17% used [0x00000007f9f00000,0x00000007fa2dab00,0x00000007fb500000)
  to   space 22016K, 0% used [0x00000007f8980000,0x00000007f8980000,0x00000007f9f00000)
 ParOldGen       total 132608K, used 86397K [0x0000000784200000, 0x000000078c380000, 0x00000007d6b00000)
  object space 132608K, 65% used [0x0000000784200000,0x000000078965f730,0x000000078c380000)
 PSPermGen       total 63488K, used 63219K [0x000000077f000000, 0x0000000782e00000, 0x0000000784200000)
  object space 63488K, 99% used [0x000000077f000000,0x0000000782dbcce0,0x0000000782e00000)
Event: 905.601 GC heap after
Heap after GC invocations=28 (full 1):
 PSYoungGen      total 577536K, used 3978K [0x00000007d6b00000, 0x00000007ff100000, 0x0000000800000000)
  eden space 555520K, 0% used [0x00000007d6b00000,0x00000007d6b00000,0x00000007f8980000)
  from space 22016K, 18% used [0x00000007f8980000,0x00000007f8d62b20,0x00000007f9f00000)
  to   space 20992K, 0% used [0x00000007fdc80000,0x00000007fdc80000,0x00000007ff100000)
 ParOldGen       total 132608K, used 86397K [0x0000000784200000, 0x000000078c380000, 0x00000007d6b00000)
  object space 132608K, 65% used [0x0000000784200000,0x000000078965f730,0x000000078c380000)
 PSPermGen       total 63488K, used 63219K [0x000000077f000000, 0x0000000782e00000, 0x0000000784200000)
  object space 63488K, 99% used [0x000000077f000000,0x0000000782dbcce0,0x0000000782e00000)
}
Event: 905.938 GC heap before
{Heap before GC invocations=29 (full 1):
 PSYoungGen      total 577536K, used 559498K [0x00000007d6b00000, 0x00000007ff100000, 0x0000000800000000)
  eden space 555520K, 100% used [0x00000007d6b00000,0x00000007f8980000,0x00000007f8980000)
  from space 22016K, 18% used [0x00000007f8980000,0x00000007f8d62b20,0x00000007f9f00000)
  to   space 20992K, 0% used [0x00000007fdc80000,0x00000007fdc80000,0x00000007ff100000)
 ParOldGen       total 132608K, used 86397K [0x0000000784200000, 0x000000078c380000, 0x00000007d6b00000)
  object space 132608K, 65% used [0x0000000784200000,0x000000078965f730,0x000000078c380000)
 PSPermGen       total 63488K, used 63220K [0x000000077f000000, 0x0000000782e00000, 0x0000000784200000)
  object space 63488K, 99% used [0x000000077f000000,0x0000000782dbd1e0,0x0000000782e00000)
Event: 905.947 GC heap after
Heap after GC invocations=29 (full 1):
 PSYoungGen      total 641536K, used 3996K [0x00000007d6b00000, 0x00000007ff080000, 0x0000000800000000)
  eden space 621056K, 0% used [0x00000007d6b00000,0x00000007d6b00000,0x00000007fc980000)
  from space 20480K, 19% used [0x00000007fdc80000,0x00000007fe067320,0x00000007ff080000)
  to   space 19456K, 0% used [0x00000007fc980000,0x00000007fc980000,0x00000007fdc80000)
 ParOldGen       total 132608K, used 86413K [0x0000000784200000, 0x000000078c380000, 0x00000007d6b00000)
  object space 132608K, 65% used [0x0000000784200000,0x0000000789663730,0x000000078c380000)
 PSPermGen       total 63488K, used 63220K [0x000000077f000000, 0x0000000782e00000, 0x0000000784200000)
  object space 63488K, 99% used [0x000000077f000000,0x0000000782dbd1e0,0x0000000782e00000)
}
Event: 906.328 GC heap before
{Heap before GC invocations=30 (full 1):
 PSYoungGen      total 641536K, used 625052K [0x00000007d6b00000, 0x00000007ff080000, 0x0000000800000000)
  eden space 621056K, 100% used [0x00000007d6b00000,0x00000007fc980000,0x00000007fc980000)
  from space 20480K, 19% used [0x00000007fdc80000,0x00000007fe067320,0x00000007ff080000)
  to   space 19456K, 0% used [0x00000007fc980000,0x00000007fc980000,0x00000007fdc80000)
 ParOldGen       total 132608K, used 86413K [0x0000000784200000, 0x000000078c380000, 0x00000007d6b00000)
  object space 132608K, 65% used [0x0000000784200000,0x0000000789663730,0x000000078c380000)
 PSPermGen       total 63488K, used 63246K [0x000000077f000000, 0x0000000782e00000, 0x0000000784200000)
  object space 63488K, 99% used [0x000000077f000000,0x0000000782dc3a38,0x0000000782e00000)
Event: 906.336 GC heap after
Heap after GC invocations=30 (full 1):
 PSYoungGen      total 640512K, used 6015K [0x00000007d6b00000, 0x00000007ffd00000, 0x0000000800000000)
  eden space 621056K, 0% used [0x00000007d6b00000,0x00000007d6b00000,0x00000007fc980000)
  from space 19456K, 30% used [0x00000007fc980000,0x00000007fcf5fd40,0x00000007fdc80000)
  to   space 18432K, 0% used [0x00000007feb00000,0x00000007feb00000,0x00000007ffd00000)
 ParOldGen       total 132608K, used 86460K [0x0000000784200000, 0x000000078c380000, 0x00000007d6b00000)
  object space 132608K, 65% used [0x0000000784200000,0x000000078966f180,0x000000078c380000)
 PSPermGen       total 63488K, used 63246K [0x000000077f000000, 0x0000000782e00000, 0x0000000784200000)
  object space 63488K, 99% used [0x000000077f000000,0x0000000782dc3a38,0x0000000782e00000)
}
Event: 906.711 GC heap before
{Heap before GC invocations=31 (full 1):
 PSYoungGen      total 640512K, used 627071K [0x00000007d6b00000, 0x00000007ffd00000, 0x0000000800000000)
  eden space 621056K, 100% used [0x00000007d6b00000,0x00000007fc980000,0x00000007fc980000)
  from space 19456K, 30% used [0x00000007fc980000,0x00000007fcf5fd40,0x00000007fdc80000)
  to   space 18432K, 0% used [0x00000007feb00000,0x00000007feb00000,0x00000007ffd00000)
 ParOldGen       total 132608K, used 86460K [0x0000000784200000, 0x000000078c380000, 0x00000007d6b00000)
  object space 132608K, 65% used [0x0000000784200000,0x000000078966f180,0x000000078c380000)
 PSPermGen       total 63488K, used 63251K [0x000000077f000000, 0x0000000782e00000, 0x0000000784200000)
  object space 63488K, 99% used [0x000000077f000000,0x0000000782dc4fc0,0x0000000782e00000)
Event: 906.720 GC heap after
Heap after GC invocations=31 (full 1):
 PSYoungGen      total 656384K, used 3946K [0x00000007d6b00000, 0x00000007ffd00000, 0x0000000800000000)
  eden space 637952K, 0% used [0x00000007d6b00000,0x00000007d6b00000,0x00000007fda00000)
  from space 18432K, 21% used [0x00000007feb00000,0x00000007feedab00,0x00000007ffd00000)
  to   space 17408K, 0% used [0x00000007fda00000,0x00000007fda00000,0x00000007feb00000)
 ParOldGen       total 132608K, used 86476K [0x0000000784200000, 0x000000078c380000, 0x00000007d6b00000)
  object space 132608K, 65% used [0x0000000784200000,0x0000000789673180,0x000000078c380000)
 PSPermGen       total 63488K, used 63251K [0x000000077f000000, 0x0000000782e00000, 0x0000000784200000)
  object space 63488K, 99% used [0x000000077f000000,0x0000000782dc4fc0,0x0000000782e00000)
}
Event: 907.109 GC heap before
{Heap before GC invocations=32 (full 1):
 PSYoungGen      total 656384K, used 641898K [0x00000007d6b00000, 0x00000007ffd00000, 0x0000000800000000)
  eden space 637952K, 100% used [0x00000007d6b00000,0x00000007fda00000,0x00000007fda00000)
  from space 18432K, 21% used [0x00000007feb00000,0x00000007feedab00,0x00000007ffd00000)
  to   space 17408K, 0% used [0x00000007fda00000,0x00000007fda00000,0x00000007feb00000)
 ParOldGen       total 132608K, used 86476K [0x0000000784200000, 0x000000078c380000, 0x00000007d6b00000)
  object space 132608K, 65% used [0x0000000784200000,0x0000000789673180,0x000000078c380000)
 PSPermGen       total 63488K, used 63255K [0x000000077f000000, 0x0000000782e00000, 0x0000000784200000)
  object space 63488K, 99% used [0x000000077f000000,0x0000000782dc5c00,0x0000000782e00000)
Event: 907.116 GC heap after
Heap after GC invocations=32 (full 1):
 PSYoungGen      total 655360K, used 5006K [0x00000007d6b00000, 0x00000007ffd00000, 0x0000000800000000)
  eden space 637952K, 0% used [0x00000007d6b00000,0x00000007d6b00000,0x00000007fda00000)
  from space 17408K, 28% used [0x00000007fda00000,0x00000007fdee3830,0x00000007feb00000)
  to   space 16384K, 0% used [0x00000007fed00000,0x00000007fed00000,0x00000007ffd00000)
 ParOldGen       total 132608K, used 86484K [0x0000000784200000, 0x000000078c380000, 0x00000007d6b00000)
  object space 132608K, 65% used [0x0000000784200000,0x0000000789675180,0x000000078c380000)
 PSPermGen       total 63488K, used 63255K [0x000000077f000000, 0x0000000782e00000, 0x0000000784200000)
  object space 63488K, 99% used [0x000000077f000000,0x0000000782dc5c00,0x0000000782e00000)
}

